<?xml version="1.0" encoding="UTF-8"?>
<!-- Generated by org.testng.reporters.JUnitXMLReporter -->
<testsuite ignored="0" hostname="LAPTOP-GT1N6IAM" failures="0" tests="5" name="Test" time="49.066" errors="0" timestamp="2026-04-22T11:32:17 IST">
  <testcase classname="com.Test.TNLoginTest" name="Search" time="11.554"/>
  <testcase classname="com.Test.TNLoginTest" name="validLogin" time="15.44"/>
  <testcase classname="com.Test.TNLoginTest" name="validLogin" time="33.397"/>
  <testcase classname="com.Test.TNLoginTest" name="invalidLogin" time="39.383"/>
  <testcase classname="com.Test.TNLoginTest" name="invalidLogin" time="41.14"/>
</testsuite> <!-- Test -->
