<?xml version="1.0" encoding="UTF-8"?>
<testng-results ignored="0" total="5" passed="5" failed="0" skipped="0">
  <reporter-output>
  </reporter-output>
  <suite started-at="2026-04-22T11:31:28 IST" name="Suite" finished-at="2026-04-22T11:32:17 IST" duration-ms="49066">
    <groups>
    </groups>
    <test started-at="2026-04-22T11:31:28 IST" name="Test" finished-at="2026-04-22T11:32:17 IST" duration-ms="49066">
      <class name="com.Test.TNLoginTest">
        <test-method is-config="true" signature="beforeMethod()[pri:0, instance:com.Test.TNLoginTest@47eaca72]" started-at="2026-04-22T11:31:28 IST" name="beforeMethod" finished-at="2026-04-22T11:31:33 IST" duration-ms="4351" status="PASS">
          <reporter-output>
          </reporter-output>
        </test-method> <!-- beforeMethod -->
        <test-method is-config="true" signature="beforeMethod()[pri:0, instance:com.Test.TNLoginTest@47eaca72]" started-at="2026-04-22T11:31:32 IST" name="beforeMethod" finished-at="2026-04-22T11:31:36 IST" duration-ms="4288" status="PASS">
          <reporter-output>
          </reporter-output>
        </test-method> <!-- beforeMethod -->
        <test-method is-config="true" signature="beforeMethod()[pri:0, instance:com.Test.TNLoginTest@47eaca72]" started-at="2026-04-22T11:31:32 IST" name="beforeMethod" finished-at="2026-04-22T11:31:36 IST" duration-ms="4099" status="PASS">
          <reporter-output>
          </reporter-output>
        </test-method> <!-- beforeMethod -->
        <test-method is-config="true" signature="beforeMethod()[pri:0, instance:com.Test.TNLoginTest@47eaca72]" started-at="2026-04-22T11:31:32 IST" name="beforeMethod" finished-at="2026-04-22T11:31:36 IST" duration-ms="4200" status="PASS">
          <reporter-output>
          </reporter-output>
        </test-method> <!-- beforeMethod -->
        <test-method is-config="true" signature="beforeMethod()[pri:0, instance:com.Test.TNLoginTest@47eaca72]" started-at="2026-04-22T11:31:32 IST" name="beforeMethod" finished-at="2026-04-22T11:31:36 IST" duration-ms="4064" status="PASS">
          <reporter-output>
          </reporter-output>
        </test-method> <!-- beforeMethod -->
        <test-method signature="Search(java.lang.String,java.lang.String)[pri:0, instance:com.Test.TNLoginTest@47eaca72]" started-at="2026-04-22T11:31:33 IST" name="Search" finished-at="2026-04-22T11:31:44 IST" duration-ms="11554" status="PASS">
          <params>
            <param index="0">
              <value>
                <![CDATA[https://tutorialsninja.com/demo/index.php?route=common/home]]>
              </value>
            </param>
            <param index="1">
              <value>
                <![CDATA[mac]]>
              </value>
            </param>
          </params>
          <reporter-output>
          </reporter-output>
        </test-method> <!-- Search -->
        <test-method signature="invalidLogin(java.lang.String,java.lang.String)[pri:0, instance:com.Test.TNLoginTest@47eaca72]" started-at="2026-04-22T11:31:36 IST" name="invalidLogin" data-provider="InValidLoginData" finished-at="2026-04-22T11:32:15 IST" duration-ms="39383" status="PASS">
          <params>
            <param index="0">
              <value>
                <![CDATA[hello@gmail.com]]>
              </value>
            </param>
            <param index="1">
              <value>
                <![CDATA[Admin]]>
              </value>
            </param>
          </params>
          <reporter-output>
          </reporter-output>
        </test-method> <!-- invalidLogin -->
        <test-method signature="validLogin(java.lang.String,java.lang.String)[pri:0, instance:com.Test.TNLoginTest@47eaca72]" started-at="2026-04-22T11:31:36 IST" name="validLogin" data-provider="ValidLoginData" finished-at="2026-04-22T11:32:09 IST" duration-ms="33397" status="PASS">
          <params>
            <param index="0">
              <value>
                <![CDATA[]]>
              </value>
            </param>
            <param index="1">
              <value is-null="true"/>
            </param>
          </params>
          <reporter-output>
          </reporter-output>
        </test-method> <!-- validLogin -->
        <test-method signature="invalidLogin(java.lang.String,java.lang.String)[pri:0, instance:com.Test.TNLoginTest@47eaca72]" started-at="2026-04-22T11:31:36 IST" name="invalidLogin" data-provider="InValidLoginData" finished-at="2026-04-22T11:32:17 IST" duration-ms="41140" status="PASS">
          <params>
            <param index="0">
              <value>
                <![CDATA[harinirg@gmail.com]]>
              </value>
            </param>
            <param index="1">
              <value>
                <![CDATA[harini]]>
              </value>
            </param>
          </params>
          <reporter-output>
          </reporter-output>
        </test-method> <!-- invalidLogin -->
        <test-method signature="validLogin(java.lang.String,java.lang.String)[pri:0, instance:com.Test.TNLoginTest@47eaca72]" started-at="2026-04-22T11:31:36 IST" name="validLogin" data-provider="ValidLoginData" finished-at="2026-04-22T11:31:51 IST" duration-ms="15440" status="PASS">
          <params>
            <param index="0">
              <value>
                <![CDATA[harinirg@gmail.com]]>
              </value>
            </param>
            <param index="1">
              <value>
                <![CDATA[Admin]]>
              </value>
            </param>
          </params>
          <reporter-output>
          </reporter-output>
        </test-method> <!-- validLogin -->
        <test-method is-config="true" signature="afterMethod()[pri:0, instance:com.Test.TNLoginTest@47eaca72]" started-at="2026-04-22T11:31:44 IST" name="afterMethod" finished-at="2026-04-22T11:31:57 IST" duration-ms="12397" status="PASS">
          <reporter-output>
          </reporter-output>
        </test-method> <!-- afterMethod -->
        <test-method is-config="true" signature="afterMethod()[pri:0, instance:com.Test.TNLoginTest@47eaca72]" started-at="2026-04-22T11:31:51 IST" name="afterMethod" finished-at="2026-04-22T11:31:57 IST" duration-ms="5811" status="PASS">
          <reporter-output>
          </reporter-output>
        </test-method> <!-- afterMethod -->
        <test-method is-config="true" signature="afterMethod()[pri:0, instance:com.Test.TNLoginTest@47eaca72]" started-at="2026-04-22T11:32:09 IST" name="afterMethod" finished-at="2026-04-22T11:32:10 IST" duration-ms="902" status="PASS">
          <reporter-output>
          </reporter-output>
        </test-method> <!-- afterMethod -->
        <test-method is-config="true" signature="afterMethod()[pri:0, instance:com.Test.TNLoginTest@47eaca72]" started-at="2026-04-22T11:32:15 IST" name="afterMethod" finished-at="2026-04-22T11:32:15 IST" duration-ms="384" status="PASS">
          <reporter-output>
          </reporter-output>
        </test-method> <!-- afterMethod -->
        <test-method is-config="true" signature="afterMethod()[pri:0, instance:com.Test.TNLoginTest@47eaca72]" started-at="2026-04-22T11:32:17 IST" name="afterMethod" finished-at="2026-04-22T11:32:17 IST" duration-ms="393" status="PASS">
          <reporter-output>
          </reporter-output>
        </test-method> <!-- afterMethod -->
      </class> <!-- com.Test.TNLoginTest -->
    </test> <!-- Test -->
  </suite> <!-- Suite -->
</testng-results>
