<?xml version="1.0" encoding="UTF-8"?>
<testng-results ignored="0" total="1" passed="1" failed="0" skipped="0">
  <reporter-output>
  </reporter-output>
  <suite started-at="2026-06-15T15:43:25 IST" name="Default suite" finished-at="2026-06-15T15:43:27 IST" duration-ms="1940">
    <groups>
    </groups>
    <test started-at="2026-06-15T15:43:25 IST" name="Default test" finished-at="2026-06-15T15:43:27 IST" duration-ms="1940">
      <class name="com.tests.ApiValidationTest">
        <test-method signature="validateUserData()[pri:0, instance:com.tests.ApiValidationTest@73a1e9a9]" started-at="2026-06-15T15:43:25 IST" name="validateUserData" finished-at="2026-06-15T15:43:27 IST" duration-ms="1893" status="PASS">
          <reporter-output>
          </reporter-output>
        </test-method> <!-- validateUserData -->
      </class> <!-- com.tests.ApiValidationTest -->
    </test> <!-- Default test -->
  </suite> <!-- Default suite -->
</testng-results>
