<?xml version="1.0" encoding="UTF-8"?>
<testng-results ignored="0" total="1" passed="1" failed="0" skipped="0">
  <reporter-output>
  </reporter-output>
  <suite started-at="2026-06-16T09:56:05 IST" name="Default suite" finished-at="2026-06-16T09:56:07 IST" duration-ms="2474">
    <groups>
    </groups>
    <test started-at="2026-06-16T09:56:05 IST" name="Default test" finished-at="2026-06-16T09:56:07 IST" duration-ms="2474">
      <class name="com.tests.DeleteTest">
        <test-method signature="deleteTest()[pri:0, instance:com.tests.DeleteTest@34123d65]" started-at="2026-06-16T09:56:05 IST" name="deleteTest" finished-at="2026-06-16T09:56:07 IST" duration-ms="2442" status="PASS">
          <reporter-output>
          </reporter-output>
        </test-method> <!-- deleteTest -->
      </class> <!-- com.tests.DeleteTest -->
    </test> <!-- Default test -->
  </suite> <!-- Default suite -->
</testng-results>
