<?xml version="1.0" encoding="UTF-8"?>
<testng-results ignored="0" total="3" passed="3" failed="0" skipped="0">
  <reporter-output>
  </reporter-output>
  <suite started-at="2026-05-10T07:51:24 IST" name="Default suite" finished-at="2026-05-10T07:51:24 IST" duration-ms="50">
    <groups>
    </groups>
    <test started-at="2026-05-10T07:51:24 IST" name="Default test" finished-at="2026-05-10T07:51:24 IST" duration-ms="50">
      <class name="com.Test.DependsOnGroup">
        <test-method signature="A()[pri:0, instance:com.Test.DependsOnGroup@145f66e3]" started-at="2026-05-10T07:51:24 IST" name="A" finished-at="2026-05-10T07:51:24 IST" duration-ms="8" status="PASS">
          <reporter-output>
          </reporter-output>
        </test-method> <!-- A -->
        <test-method signature="B()[pri:0, instance:com.Test.DependsOnGroup@145f66e3]" started-at="2026-05-10T07:51:24 IST" name="B" finished-at="2026-05-10T07:51:24 IST" duration-ms="1" status="PASS">
          <reporter-output>
          </reporter-output>
        </test-method> <!-- B -->
        <test-method signature="C()[pri:0, instance:com.Test.DependsOnGroup@145f66e3]" started-at="2026-05-10T07:51:24 IST" name="C" finished-at="2026-05-10T07:51:24 IST" duration-ms="2" status="PASS">
          <reporter-output>
          </reporter-output>
        </test-method> <!-- C -->
      </class> <!-- com.Test.DependsOnGroup -->
    </test> <!-- Default test -->
  </suite> <!-- Default suite -->
</testng-results>
