<?xml version="1.0" encoding="UTF-8"?>
<testng-results ignored="0" total="2" passed="2" failed="0" skipped="0">
  <reporter-output>
  </reporter-output>
  <suite started-at="2026-04-28T12:54:12 IST" name="Suite" finished-at="2026-04-28T12:54:32 IST" duration-ms="19560">
    <groups>
    </groups>
    <test started-at="2026-04-28T12:54:12 IST" name="Test" finished-at="2026-04-28T12:54:32 IST" duration-ms="19560">
      <class name="com.test.DashboardTest">
        <test-method is-config="true" signature="setup()[pri:0, instance:com.test.DashboardTest@7354b8c5]" started-at="2026-04-28T12:54:21 IST" name="setup" finished-at="2026-04-28T12:54:28 IST" duration-ms="6759" status="PASS">
          <reporter-output>
          </reporter-output>
        </test-method> <!-- setup -->
        <test-method signature="verifyDashboardPage()[pri:0, instance:com.test.DashboardTest@7354b8c5]" started-at="2026-04-28T12:54:28 IST" name="verifyDashboardPage" finished-at="2026-04-28T12:54:32 IST" duration-ms="3799" status="PASS">
          <reporter-output>
          </reporter-output>
        </test-method> <!-- verifyDashboardPage -->
        <test-method is-config="true" signature="close()[pri:0, instance:com.test.DashboardTest@7354b8c5]" started-at="2026-04-28T12:54:32 IST" name="close" finished-at="2026-04-28T12:54:32 IST" duration-ms="106" status="PASS">
          <reporter-output>
          </reporter-output>
        </test-method> <!-- close -->
      </class> <!-- com.test.DashboardTest -->
      <class name="com.test.LoginTest">
        <test-method is-config="true" signature="setup()[pri:0, instance:com.test.LoginTest@4c012563]" started-at="2026-04-28T12:54:12 IST" name="setup" finished-at="2026-04-28T12:54:20 IST" duration-ms="7521" status="PASS">
          <reporter-output>
          </reporter-output>
        </test-method> <!-- setup -->
        <test-method signature="loginTest()[pri:0, instance:com.test.LoginTest@4c012563]" started-at="2026-04-28T12:54:20 IST" name="loginTest" finished-at="2026-04-28T12:54:21 IST" duration-ms="1242" status="PASS">
          <reporter-output>
          </reporter-output>
        </test-method> <!-- loginTest -->
        <test-method is-config="true" signature="close()[pri:0, instance:com.test.LoginTest@4c012563]" started-at="2026-04-28T12:54:21 IST" name="close" finished-at="2026-04-28T12:54:21 IST" duration-ms="77" status="PASS">
          <reporter-output>
          </reporter-output>
        </test-method> <!-- close -->
      </class> <!-- com.test.LoginTest -->
    </test> <!-- Test -->
  </suite> <!-- Suite -->
</testng-results>
