<?xml version="1.0" encoding="UTF-8"?>
<testng-results ignored="0" total="2" passed="2" failed="0" skipped="0">
  <reporter-output>
  </reporter-output>
  <suite started-at="2026-04-28T14:53:29 IST" name="Suite" finished-at="2026-04-28T14:54:14 IST" duration-ms="44768">
    <groups>
    </groups>
    <test started-at="2026-04-28T14:53:29 IST" name="Test" finished-at="2026-04-28T14:54:14 IST" duration-ms="44768">
      <class name="com.test.DashboardTest">
        <test-method is-config="true" signature="setup()[pri:0, instance:com.test.DashboardTest@7354b8c5]" started-at="2026-04-28T14:53:43 IST" name="setup" finished-at="2026-04-28T14:53:54 IST" duration-ms="10648" status="PASS">
          <reporter-output>
          </reporter-output>
        </test-method> <!-- setup -->
        <test-method signature="DashBoardTest()[pri:0, instance:com.test.DashboardTest@7354b8c5]" started-at="2026-04-28T14:53:54 IST" name="DashBoardTest" finished-at="2026-04-28T14:54:14 IST" duration-ms="19845" status="PASS">
          <reporter-output>
          </reporter-output>
        </test-method> <!-- DashBoardTest -->
        <test-method is-config="true" signature="close()[pri:0, instance:com.test.DashboardTest@7354b8c5]" started-at="2026-04-28T14:54:14 IST" name="close" finished-at="2026-04-28T14:54:14 IST" duration-ms="200" status="PASS">
          <reporter-output>
          </reporter-output>
        </test-method> <!-- close -->
      </class> <!-- com.test.DashboardTest -->
      <class name="com.test.LoginTest">
        <test-method is-config="true" signature="setup()[pri:0, instance:com.test.LoginTest@4c012563]" started-at="2026-04-28T14:53:29 IST" name="setup" finished-at="2026-04-28T14:53:38 IST" duration-ms="8451" status="PASS">
          <reporter-output>
          </reporter-output>
        </test-method> <!-- setup -->
        <test-method signature="loginTest()[pri:0, instance:com.test.LoginTest@4c012563]" started-at="2026-04-28T14:53:38 IST" name="loginTest" finished-at="2026-04-28T14:53:43 IST" duration-ms="5387" status="PASS">
          <reporter-output>
          </reporter-output>
        </test-method> <!-- loginTest -->
        <test-method is-config="true" signature="close()[pri:0, instance:com.test.LoginTest@4c012563]" started-at="2026-04-28T14:53:43 IST" name="close" finished-at="2026-04-28T14:53:43 IST" duration-ms="189" status="PASS">
          <reporter-output>
          </reporter-output>
        </test-method> <!-- close -->
      </class> <!-- com.test.LoginTest -->
    </test> <!-- Test -->
  </suite> <!-- Suite -->
</testng-results>
