<?xml version="1.0" encoding="UTF-8"?>
<!-- Generated by org.testng.reporters.JUnitXMLReporter -->
<testsuite ignored="0" hostname="LAPTOP-GT1N6IAM" failures="1" tests="9" name="Test" time="2.163" errors="0" timestamp="2026-06-17T23:38:16 IST">
  <testcase classname="com.tests.GetTraineeTest" name="getTraineer" time="1.612"/>
  <testcase classname="com.tests.CreateTraineeTest" name="createTrainee" time="0.233"/>
  <testcase classname="com.tests.InvalidTraineeTest" name="getTraineer" time="0.021"/>
  <testcase classname="com.tests.PatchUpdateTest" name="patchUpdate" time="0.039"/>
  <testcase classname="com.tests.LoginTest" name="loginTest" time="0.036"/>
  <testcase classname="com.tests.PUTUpdateTest" name="putUpdate" time="0.037"/>
  <testcase classname="com.tests.InvalidLoginTest" name="invalidLoginTest" time="0.022"/>
  <testcase classname="com.tests.DeleteTest" name="deleteTest" time="0.022">
    <failure type="java.lang.AssertionError" message="expected [200] but found [404]">
      <![CDATA[java.lang.AssertionError: expected [200] but found [404]
at com.tests.DeleteTest.deleteTest(DeleteTest.java:21)
at java.base/java.util.ArrayList.forEach(ArrayList.java:1596)
... Removed 32 stack frames]]>
    </failure>
  </testcase> <!-- deleteTest -->
  <testcase classname="com.tests.OptionsTest" name="optionTrainee" time="0.019"/>
</testsuite> <!-- Test -->
