<?xml version="1.0" encoding="UTF-8"?>
<!-- Generated by org.testng.reporters.JUnitXMLReporter -->
<testsuite ignored="0" hostname="LAPTOP-GT1N6IAM" failures="0" tests="11" name="Test" time="17.09" errors="0" timestamp="2026-06-18T08:31:12 IST">
  <testcase classname="com.test.BaseTest" name="baseURI" time="0.352"/>
  <testcase classname="com.test.Get_All_Roles_Test" name="get_all_roles" time="5.957"/>
  <testcase classname="com.test.BaseTest" name="baseURI" time="0.003"/>
  <testcase classname="com.test.HealthCheckTest" name="healthCheck" time="1.499"/>
  <testcase classname="com.test.BaseTest" name="baseURI" time="0.003"/>
  <testcase classname="com.test.AuthenticationTest" name="authenticationTest" time="4.155"/>
  <testcase classname="com.test.BaseTest" name="baseURI" time="0.004"/>
  <testcase classname="com.test.BaseTest" name="baseURI" time="0.007"/>
  <testcase classname="com.test.Get_All_Institution_Test" name="getAllInstitution" time="0.861"/>
  <testcase classname="com.test.BaseTest" name="baseURI" time="0.006"/>
  <testcase classname="com.test.LoginTest" name="loginTest" time="4.066"/>
</testsuite> <!-- Test -->
