<?xml version="1.0" encoding="UTF-8"?>
<!-- Generated by org.testng.reporters.JUnitXMLReporter -->
<testsuite ignored="0" hostname="LAPTOP-GT1N6IAM" failures="0" tests="11" name="Test" time="12.855" errors="0" timestamp="2026-06-18T07:35:24 IST">
  <testcase classname="com.test.BaseTest" name="baseURI" time="0.334"/>
  <testcase classname="com.test.Get_All_Roles_Test" name="get_all_roles" time="2.665"/>
  <testcase classname="com.test.BaseTest" name="baseURI" time="0.003"/>
  <testcase classname="com.test.HealthCheckTest" name="healthCheck" time="0.863"/>
  <testcase classname="com.test.BaseTest" name="baseURI" time="0.003"/>
  <testcase classname="com.test.AuthenticationTest" name="authenticationTest" time="4.347"/>
  <testcase classname="com.test.BaseTest" name="baseURI" time="0.004"/>
  <testcase classname="com.test.BaseTest" name="baseURI" time="0.003"/>
  <testcase classname="com.test.Get_All_Institution_Test" name="getAllInstitution" time="0.897"/>
  <testcase classname="com.test.BaseTest" name="baseURI" time="0.002"/>
  <testcase classname="com.test.LoginTest" name="loginTest" time="3.586"/>
</testsuite> <!-- Test -->
