<?xml version="1.0" encoding="UTF-8"?>
<testng-results ignored="0" total="2" passed="2" failed="0" skipped="0">
  <reporter-output>
  </reporter-output>
  <suite started-at="2026-06-22T18:33:26 IST" name="Default suite" finished-at="2026-06-22T18:34:32 IST" duration-ms="65985">
    <groups>
    </groups>
    <test started-at="2026-06-22T18:33:26 IST" name="Default test" finished-at="2026-06-22T18:34:32 IST" duration-ms="65985">
      <class name="com.test.CRUDTest">
        <test-method signature="CRUDTests()[pri:0, instance:com.test.CRUDTest@2d760326]" started-at="2026-06-22T18:34:20 IST" name="CRUDTests" finished-at="2026-06-22T18:34:32 IST" depends-on-methods="com.test.AuthenticationTest.authenticationTest" duration-ms="12518" status="PASS">
          <reporter-output>
          </reporter-output>
        </test-method> <!-- CRUDTests -->
      </class> <!-- com.test.CRUDTest -->
      <class name="com.test.AuthenticationTest">
        <test-method signature="authenticationTest()[pri:1, instance:com.test.AuthenticationTest@73c3cd09]" started-at="2026-06-22T18:33:26 IST" name="authenticationTest" finished-at="2026-06-22T18:34:19 IST" duration-ms="53278" status="PASS">
          <reporter-output>
          </reporter-output>
        </test-method> <!-- authenticationTest -->
      </class> <!-- com.test.AuthenticationTest -->
    </test> <!-- Default test -->
  </suite> <!-- Default suite -->
</testng-results>
