<?xml version="1.0" encoding="UTF-8"?>
<testng-results ignored="0" total="7" passed="7" failed="0" skipped="0">
  <reporter-output>
  </reporter-output>
  <suite started-at="2026-06-21T21:38:08 IST" name="Suite" finished-at="2026-06-21T21:38:47 IST" duration-ms="38648">
    <groups>
    </groups>
    <test started-at="2026-06-21T21:38:08 IST" name="Test" finished-at="2026-06-21T21:38:47 IST" duration-ms="38648">
      <class name="com.test.AllRolesTest">
        <test-method signature="get_all_roles()[pri:0, instance:com.test.AllRolesTest@5cbd94b2]" started-at="2026-06-21T21:38:26 IST" name="get_all_roles" finished-at="2026-06-21T21:38:29 IST" depends-on-methods="com.test.AuthenticationTest.authenticationTest" duration-ms="2661" status="PASS">
          <reporter-output>
          </reporter-output>
        </test-method> <!-- get_all_roles -->
      </class> <!-- com.test.AllRolesTest -->
      <class name="com.test.CRUDTest">
        <test-method signature="CRUDTests()[pri:0, instance:com.test.CRUDTest@705a8dbc]" started-at="2026-06-21T21:38:31 IST" name="CRUDTests" finished-at="2026-06-21T21:38:47 IST" depends-on-methods="com.test.AuthenticationTest.authenticationTest" duration-ms="16130" status="PASS">
          <reporter-output>
          </reporter-output>
        </test-method> <!-- CRUDTests -->
      </class> <!-- com.test.CRUDTest -->
      <class name="com.test.AllInstituteTest">
        <test-method signature="getAllInstitution()[pri:0, instance:com.test.AllInstituteTest@756aadfc]" started-at="2026-06-21T21:38:29 IST" name="getAllInstitution" finished-at="2026-06-21T21:38:31 IST" duration-ms="1595" status="PASS">
          <reporter-output>
          </reporter-output>
        </test-method> <!-- getAllInstitution -->
      </class> <!-- com.test.AllInstituteTest -->
      <class name="com.test.AuthenticationTest">
        <test-method signature="authenticationTest()[pri:1, instance:com.test.AuthenticationTest@6824b913]" started-at="2026-06-21T21:38:18 IST" name="authenticationTest" finished-at="2026-06-21T21:38:23 IST" duration-ms="4990" status="PASS">
          <reporter-output>
          </reporter-output>
        </test-method> <!-- authenticationTest -->
      </class> <!-- com.test.AuthenticationTest -->
      <class name="com.test.AllCoursesTest">
        <test-method signature="AllCourseStructure()[pri:0, instance:com.test.AllCoursesTest@506aabf6]" started-at="2026-06-21T21:38:23 IST" name="AllCourseStructure" finished-at="2026-06-21T21:38:26 IST" depends-on-methods="com.test.AuthenticationTest.authenticationTest" duration-ms="2922" status="PASS">
          <reporter-output>
          </reporter-output>
        </test-method> <!-- AllCourseStructure -->
      </class> <!-- com.test.AllCoursesTest -->
      <class name="com.test.HealthCheckTest">
        <test-method signature="healthCheck()[pri:0, instance:com.test.HealthCheckTest@27df95e]" started-at="2026-06-21T21:38:08 IST" name="healthCheck" finished-at="2026-06-21T21:38:12 IST" duration-ms="4115" status="PASS">
          <reporter-output>
          </reporter-output>
        </test-method> <!-- healthCheck -->
      </class> <!-- com.test.HealthCheckTest -->
      <class name="com.test.LoginTest">
        <test-method signature="loginTest()[pri:0, instance:com.test.LoginTest@40729f01]" started-at="2026-06-21T21:38:12 IST" name="loginTest" finished-at="2026-06-21T21:38:18 IST" duration-ms="6026" status="PASS">
          <reporter-output>
          </reporter-output>
        </test-method> <!-- loginTest -->
      </class> <!-- com.test.LoginTest -->
    </test> <!-- Test -->
  </suite> <!-- Suite -->
</testng-results>
