<?xml version="1.0" encoding="UTF-8"?>
<!-- Generated by org.testng.reporters.JUnitXMLReporter -->
<testsuite ignored="0" hostname="LAPTOP-GT1N6IAM" failures="1" tests="1" name="Default test" time="10.78" errors="0" timestamp="2026-05-05T14:08:23 IST">
  <testcase classname="io.cucumber.testng.AbstractTestNGCucumberTests" name="runScenario" time="10.127">
    <failure type="java.lang.AssertionError" message="expected [error Message] but found [Wrong password.]">
      <![CDATA[java.lang.AssertionError: expected [error Message] but found [Wrong password.]
at org.testng.Assert.fail(Assert.java:111)
at org.testng.Assert.failNotEquals(Assert.java:1590)
at org.testng.Assert.assertEqualsImpl(Assert.java:150)
at org.testng.Assert.assertEquals(Assert.java:132)
at org.testng.Assert.assertEquals(Assert.java:656)
at org.testng.Assert.assertEquals(Assert.java:666)
at stepDefinition.MultiplevalueLogin.user_should_be_able_to_see_an(MultiplevalueLogin.java:65)
at ✽.User should be able to see an "error Message"(file:///D:/JavaSelenium/ScenarioOutlineDemo/src/test/resources/com/features/MultipleValueLogin.feature:12)
]]>
    </failure>
  </testcase> <!-- runScenario -->
</testsuite> <!-- Default test -->
