<?xml version="1.0" encoding="UTF-8"?>
<!-- Generated by org.testng.reporters.JUnitXMLReporter -->
<testsuite ignored="0" hostname="LAPTOP-GT1N6IAM" failures="0" tests="7" name="Test" time="38.648" errors="0" timestamp="2026-06-21T21:38:47 IST">
  <testcase classname="com.test.HealthCheckTest" name="healthCheck" time="4.115"/>
  <testcase classname="com.test.LoginTest" name="loginTest" time="6.026"/>
  <testcase classname="com.test.AuthenticationTest" name="authenticationTest" time="4.99"/>
  <testcase classname="com.test.AllCoursesTest" name="AllCourseStructure" time="2.922"/>
  <testcase classname="com.test.AllRolesTest" name="get_all_roles" time="2.661"/>
  <testcase classname="com.test.AllInstituteTest" name="getAllInstitution" time="1.595"/>
  <testcase classname="com.test.CRUDTest" name="CRUDTests" time="16.13"/>
</testsuite> <!-- Test -->
