<?xml version="1.0" encoding="UTF-8"?>
<!-- Generated by org.testng.reporters.JUnitReportReporter -->
<testsuite hostname="LAPTOP-GT1N6IAM" failures="0" tests="3" name="com.Test.DependsOnGroup" time="0.011" errors="0" timestamp="2026-05-10T07:51:24 IST" skipped="0">
  <testcase classname="com.Test.DependsOnGroup" name="C" time="0.002"/>
  <testcase classname="com.Test.DependsOnGroup" name="A" time="0.008"/>
  <testcase classname="com.Test.DependsOnGroup" name="B" time="0.001"/>
</testsuite> <!-- com.Test.DependsOnGroup -->
