<?xml version="1.0" encoding="UTF-8"?>
<testng-results ignored="0" total="1" passed="1" failed="0" skipped="0">
  <reporter-output>
  </reporter-output>
  <suite started-at="2026-06-16T22:51:36 IST" name="Default suite" finished-at="2026-06-16T22:51:37 IST" duration-ms="1305">
    <groups>
    </groups>
    <test started-at="2026-06-16T22:51:36 IST" name="Default test" finished-at="2026-06-16T22:51:37 IST" duration-ms="1305">
      <class name="com.tests.OptionsTest">
        <test-method signature="optionTrainee()[pri:0, instance:com.tests.OptionsTest@73a1e9a9]" started-at="2026-06-16T22:51:36 IST" name="optionTrainee" finished-at="2026-06-16T22:51:37 IST" duration-ms="1271" status="PASS">
          <reporter-output>
          </reporter-output>
        </test-method> <!-- optionTrainee -->
      </class> <!-- com.tests.OptionsTest -->
    </test> <!-- Default test -->
  </suite> <!-- Default suite -->
</testng-results>
