<?xml version="1.0" encoding="UTF-8"?>
<testng-results ignored="0" total="9" passed="8" failed="1" skipped="0">
  <reporter-output>
  </reporter-output>
  <suite started-at="2026-06-17T23:38:14 IST" name="Suite" finished-at="2026-06-17T23:38:16 IST" duration-ms="2163">
    <groups>
    </groups>
    <test started-at="2026-06-17T23:38:14 IST" name="Test" finished-at="2026-06-17T23:38:16 IST" duration-ms="2163">
      <class name="com.tests.InvalidLoginTest">
        <test-method signature="invalidLoginTest()[pri:0, instance:com.tests.InvalidLoginTest@3aa078fd]" started-at="2026-06-17T23:38:16 IST" name="invalidLoginTest" finished-at="2026-06-17T23:38:16 IST" duration-ms="22" status="PASS">
          <reporter-output>
          </reporter-output>
        </test-method> <!-- invalidLoginTest -->
      </class> <!-- com.tests.InvalidLoginTest -->
      <class name="com.tests.CreateTraineeTest">
        <test-method signature="createTrainee()[pri:0, instance:com.tests.CreateTraineeTest@7d3e8655]" started-at="2026-06-17T23:38:15 IST" name="createTrainee" finished-at="2026-06-17T23:38:16 IST" duration-ms="233" status="PASS">
          <reporter-output>
          </reporter-output>
        </test-method> <!-- createTrainee -->
      </class> <!-- com.tests.CreateTraineeTest -->
      <class name="com.tests.InvalidTraineeTest">
        <test-method signature="getTraineer()[pri:0, instance:com.tests.InvalidTraineeTest@7dfb0c0f]" started-at="2026-06-17T23:38:16 IST" name="getTraineer" finished-at="2026-06-17T23:38:16 IST" duration-ms="21" status="PASS">
          <reporter-output>
          </reporter-output>
        </test-method> <!-- getTraineer -->
      </class> <!-- com.tests.InvalidTraineeTest -->
      <class name="com.tests.PUTUpdateTest">
        <test-method signature="putUpdate()[pri:0, instance:com.tests.PUTUpdateTest@1f9e9475]" started-at="2026-06-17T23:38:16 IST" name="putUpdate" finished-at="2026-06-17T23:38:16 IST" duration-ms="37" status="PASS">
          <reporter-output>
          </reporter-output>
        </test-method> <!-- putUpdate -->
      </class> <!-- com.tests.PUTUpdateTest -->
      <class name="com.tests.GetTraineeTest">
        <test-method signature="getTraineer()[pri:0, instance:com.tests.GetTraineeTest@1b919693]" started-at="2026-06-17T23:38:14 IST" name="getTraineer" finished-at="2026-06-17T23:38:15 IST" duration-ms="1612" status="PASS">
          <reporter-output>
          </reporter-output>
        </test-method> <!-- getTraineer -->
      </class> <!-- com.tests.GetTraineeTest -->
      <class name="com.tests.PatchUpdateTest">
        <test-method signature="patchUpdate()[pri:0, instance:com.tests.PatchUpdateTest@626abbd0]" started-at="2026-06-17T23:38:16 IST" name="patchUpdate" finished-at="2026-06-17T23:38:16 IST" duration-ms="39" status="PASS">
          <reporter-output>
          </reporter-output>
        </test-method> <!-- patchUpdate -->
      </class> <!-- com.tests.PatchUpdateTest -->
      <class name="com.tests.LoginTest">
        <test-method signature="loginTest()[pri:0, instance:com.tests.LoginTest@169bb4dd]" started-at="2026-06-17T23:38:16 IST" name="loginTest" finished-at="2026-06-17T23:38:16 IST" duration-ms="36" status="PASS">
          <reporter-output>
          </reporter-output>
        </test-method> <!-- loginTest -->
      </class> <!-- com.tests.LoginTest -->
      <class name="com.tests.DeleteTest">
        <test-method signature="deleteTest()[pri:0, instance:com.tests.DeleteTest@d23e042]" started-at="2026-06-17T23:38:16 IST" name="deleteTest" finished-at="2026-06-17T23:38:16 IST" duration-ms="22" status="FAIL">
          <exception class="java.lang.AssertionError">
            <message>
              <![CDATA[expected [200] but found [404]]]>
            </message>
            <full-stacktrace>
              <![CDATA[java.lang.AssertionError: expected [200] but found [404]
at org.testng.Assert.fail(Assert.java:111)
at org.testng.Assert.failNotEquals(Assert.java:1590)
at org.testng.Assert.assertEqualsImpl(Assert.java:150)
at org.testng.Assert.assertEquals(Assert.java:132)
at org.testng.Assert.assertEquals(Assert.java:1431)
at org.testng.Assert.assertEquals(Assert.java:1395)
at org.testng.Assert.assertEquals(Assert.java:1441)
at com.tests.DeleteTest.deleteTest(DeleteTest.java:21)
at java.base/jdk.internal.reflect.DirectMethodHandleAccessor.invoke(DirectMethodHandleAccessor.java:103)
at java.base/java.lang.reflect.Method.invoke(Method.java:580)
at org.testng.internal.invokers.MethodInvocationHelper.invokeMethod(MethodInvocationHelper.java:141)
at org.testng.internal.invokers.TestInvoker.invokeMethod(TestInvoker.java:697)
at org.testng.internal.invokers.TestInvoker.invokeTestMethod(TestInvoker.java:230)
at org.testng.internal.invokers.MethodRunner.runInSequence(MethodRunner.java:63)
at org.testng.internal.invokers.TestInvoker$MethodInvocationAgent.invoke(TestInvoker.java:1005)
at org.testng.internal.invokers.TestInvoker.invokeTestMethods(TestInvoker.java:203)
at org.testng.internal.invokers.TestMethodWorker.invokeTestMethods(TestMethodWorker.java:154)
at org.testng.internal.invokers.TestMethodWorker.run(TestMethodWorker.java:134)
at java.base/java.util.ArrayList.forEach(ArrayList.java:1596)
at org.testng.TestRunner.privateRun(TestRunner.java:744)
at org.testng.TestRunner.run(TestRunner.java:616)
at org.testng.SuiteRunner.runTest(SuiteRunner.java:421)
at org.testng.SuiteRunner.runSequentially(SuiteRunner.java:413)
at org.testng.SuiteRunner.privateRun(SuiteRunner.java:373)
at org.testng.SuiteRunner.run(SuiteRunner.java:312)
at org.testng.SuiteRunnerWorker.runSuite(SuiteRunnerWorker.java:52)
at org.testng.SuiteRunnerWorker.run(SuiteRunnerWorker.java:95)
at org.testng.TestNG.runSuitesSequentially(TestNG.java:1274)
at org.testng.TestNG.runSuitesLocally(TestNG.java:1208)
at org.testng.TestNG.runSuites(TestNG.java:1112)
at org.testng.TestNG.run(TestNG.java:1079)
at org.testng.remote.AbstractRemoteTestNG.run(AbstractRemoteTestNG.java:115)
at org.testng.remote.RemoteTestNG.initAndRun(RemoteTestNG.java:293)
at org.testng.remote.RemoteTestNG.main(RemoteTestNG.java:91)
]]>
            </full-stacktrace>
          </exception> <!-- java.lang.AssertionError -->
          <reporter-output>
          </reporter-output>
        </test-method> <!-- deleteTest -->
      </class> <!-- com.tests.DeleteTest -->
      <class name="com.tests.OptionsTest">
        <test-method signature="optionTrainee()[pri:0, instance:com.tests.OptionsTest@46d59067]" started-at="2026-06-17T23:38:16 IST" name="optionTrainee" finished-at="2026-06-17T23:38:16 IST" duration-ms="19" status="PASS">
          <reporter-output>
          </reporter-output>
        </test-method> <!-- optionTrainee -->
      </class> <!-- com.tests.OptionsTest -->
    </test> <!-- Test -->
  </suite> <!-- Suite -->
</testng-results>
