<?xml version="1.0" encoding="UTF-8"?>
<!-- Generated by org.testng.reporters.JUnitXMLReporter -->
<testsuite ignored="1" hostname="LAPTOP-GT1N6IAM" failures="0" tests="2" name="Default test(failed)(failed)" time="9.18" errors="0" timestamp="2026-04-22T14:32:19 IST">
  <testcase classname="com.test.LoginTest" name="InvalidLogin" time="6.074"/>
  <testcase classname="com.test.LoginTest" name="InvalidLogin" time="6.543"/>
  <testcase classname="com.test.LoginTest" name="LoginValidation" time="0.0">
    <ignored/>
  </testcase> <!-- LoginValidation -->
</testsuite> <!-- Default test(failed)(failed) -->
