<?xml version="1.0" encoding="UTF-8"?>
<!-- Generated by org.testng.reporters.JUnitReportReporter -->
<testsuite hostname="LAPTOP-GT1N6IAM" failures="0" tests="2" name="com.test.Get_All_Institution_Test" time="0.900" errors="0" timestamp="2026-06-18T07:35:25 IST" skipped="0">
  <testcase classname="com.test.Get_All_Institution_Test" name="baseURI" time="0.003"/>
  <testcase classname="com.test.Get_All_Institution_Test" name="getAllInstitution" time="0.897"/>
</testsuite> <!-- com.test.Get_All_Institution_Test -->
