<?xml version="1.0" encoding="UTF-8"?>
<!-- Generated by org.testng.reporters.JUnitReportReporter -->
<testsuite hostname="LAPTOP-GT1N6IAM" failures="0" tests="2" name="com.test.Get_All_Institution_Test" time="0.868" errors="0" timestamp="2026-06-18T08:31:12 IST" skipped="0">
  <testcase classname="com.test.Get_All_Institution_Test" name="baseURI" time="0.007"/>
  <testcase classname="com.test.Get_All_Institution_Test" name="getAllInstitution" time="0.861"/>
</testsuite> <!-- com.test.Get_All_Institution_Test -->
