<?xml version="1.0" encoding="UTF-8"?>
<!-- Generated by org.testng.reporters.JUnitReportReporter -->
<testsuite hostname="LAPTOP-GT1N6IAM" failures="0" tests="5" name="com.Test.TNLoginTest" time="181.803" errors="0" timestamp="2026-04-22T11:32:17 IST" skipped="0">
  <testcase classname="com.Test.TNLoginTest" name="validLogin" time="25.350"/>
  <testcase classname="com.Test.TNLoginTest" name="invalidLogin" time="45.733"/>
  <testcase classname="com.Test.TNLoginTest" name="Search" time="16.520"/>
  <testcase classname="com.Test.TNLoginTest" name="invalidLogin" time="44.055"/>
  <testcase classname="com.Test.TNLoginTest" name="validLogin" time="50.145"/>
</testsuite> <!-- com.Test.TNLoginTest -->
